2025-09-07 11:13:45 [MyApp] info: Home route accessed
2025-09-08 20:58:34 [MyApp] error: Something went wrong in the Crud Repository : create
2025-09-08 21:00:56 [MyApp] error: Something went wrong in the Crud Repository : create
2025-09-08 21:03:13 [MyApp] error: Something went wrong in the Crud Repository : create
2025-09-08 21:03:46 [MyApp] error: Something went wrong in the Crud Repository : create
2025-09-10 19:45:04 [MyApp] error: ReferenceError: AppError is not defined
    at AirplaneService.getAirplane (file:///C:/Users/Hp/Documents/Basic%20Nodejs%20Project/src/services/airplaneService.js:19:7)
    at process.processTicksAndRejections (node:internal/process/task_queues:105:5)
    at async file:///C:/Users/Hp/Documents/Basic%20Nodejs%20Project/src/controllers/airplaneController.js:32:20
2025-09-10 19:45:21 [MyApp] error: Error: Airplane with id 1000 not found
    at AirplaneService.getAirplane (file:///C:/Users/Hp/Documents/Basic%20Nodejs%20Project/src/services/airplaneService.js:20:13)
    at process.processTicksAndRejections (node:internal/process/task_queues:105:5)
    at async file:///C:/Users/Hp/Documents/Basic%20Nodejs%20Project/src/controllers/airplaneController.js:32:20
2025-09-10 19:48:21 [MyApp] error: Error: Not able to find the resource 
    at AirplaneService.getAirplane (file:///C:/Users/Hp/Documents/Basic%20Nodejs%20Project/src/services/airplaneService.js:21:13)
    at process.processTicksAndRejections (node:internal/process/task_queues:105:5)
    at async file:///C:/Users/Hp/Documents/Basic%20Nodejs%20Project/src/controllers/airplaneController.js:32:20
2025-09-11 21:10:33 [MyApp] error: Error: Not able to find the resource 
    at AirplaneService.getAirplane (file:///C:/Users/Hp/Documents/Basic%20Nodejs%20Project/src/services/airplaneService.js:21:13)
    at process.processTicksAndRejections (node:internal/process/task_queues:105:5)
    at async file:///C:/Users/Hp/Documents/Basic%20Nodejs%20Project/src/controllers/airplaneController.js:22:20
2025-09-11 21:18:16 [MyApp] error: Error: Not able to delete the resource
    at AirplaneService.deleteAirplane (file:///C:/Users/Hp/Documents/Basic%20Nodejs%20Project/src/services/airplaneService.js:46:13)
    at process.processTicksAndRejections (node:internal/process/task_queues:105:5)
    at async file:///C:/Users/Hp/Documents/Basic%20Nodejs%20Project/src/controllers/airplaneController.js:35:3
2025-09-11 21:18:37 [MyApp] error: Error: Not able to update the resource
    at AirplaneService.updateAirplane (file:///C:/Users/Hp/Documents/Basic%20Nodejs%20Project/src/services/airplaneService.js:33:13)
    at process.processTicksAndRejections (node:internal/process/task_queues:105:5)
    at async file:///C:/Users/Hp/Documents/Basic%20Nodejs%20Project/src/controllers/airplaneController.js:27:20
2025-09-11 21:18:45 [MyApp] error: Error: Not able to find the resource 
    at AirplaneService.getAirplane (file:///C:/Users/Hp/Documents/Basic%20Nodejs%20Project/src/services/airplaneService.js:21:13)
    at process.processTicksAndRejections (node:internal/process/task_queues:105:5)
    at async file:///C:/Users/Hp/Documents/Basic%20Nodejs%20Project/src/controllers/airplaneController.js:22:20
2025-09-11 21:21:12 [MyApp] error: Error: Not able to find the resource 
    at AirplaneService.getAirplanes (file:///C:/Users/Hp/Documents/Basic%20Nodejs%20Project/src/services/airplaneService.js:18:13)
    at process.processTicksAndRejections (node:internal/process/task_queues:105:5)
    at async file:///C:/Users/Hp/Documents/Basic%20Nodejs%20Project/src/controllers/airplaneController.js:17:21
2025-09-12 21:40:32 [MyApp] error: SequelizeValidationError: notNull Violation: Airplane.modelNumber cannot be null,
notNull Violation: Airplane.capacity cannot be null
    at InstanceValidator._validate (C:\Users\Hp\Documents\Basic Nodejs Project\node_modules\sequelize\lib\instance-validator.js:50:13)
    at process.processTicksAndRejections (node:internal/process/task_queues:105:5)
    at async InstanceValidator._validateAndRunHooks (C:\Users\Hp\Documents\Basic Nodejs Project\node_modules\sequelize\lib\instance-validator.js:60:7)
    at async InstanceValidator.validate (C:\Users\Hp\Documents\Basic Nodejs Project\node_modules\sequelize\lib\instance-validator.js:54:12)
    at async Airplane.save (C:\Users\Hp\Documents\Basic Nodejs Project\node_modules\sequelize\lib\model.js:2426:7)
    at async Airplane.create (C:\Users\Hp\Documents\Basic Nodejs Project\node_modules\sequelize\lib\model.js:1362:12)
    at async AirportRepository.create (file:///C:/Users/Hp/Documents/Basic%20Nodejs%20Project/src/repositories/crudRepository.js:15:12)
    at async AirportService.createAirport (file:///C:/Users/Hp/Documents/Basic%20Nodejs%20Project/src/services/airportService.js:11:16)
    at async file:///C:/Users/Hp/Documents/Basic%20Nodejs%20Project/src/controllers/airportController.js:9:19
2025-09-12 21:41:28 [MyApp] error: SequelizeValidationError: notNull Violation: Airplane.modelNumber cannot be null,
notNull Violation: Airplane.capacity cannot be null
    at InstanceValidator._validate (C:\Users\Hp\Documents\Basic Nodejs Project\node_modules\sequelize\lib\instance-validator.js:50:13)
    at process.processTicksAndRejections (node:internal/process/task_queues:105:5)
    at async InstanceValidator._validateAndRunHooks (C:\Users\Hp\Documents\Basic Nodejs Project\node_modules\sequelize\lib\instance-validator.js:60:7)
    at async InstanceValidator.validate (C:\Users\Hp\Documents\Basic Nodejs Project\node_modules\sequelize\lib\instance-validator.js:54:12)
    at async Airplane.save (C:\Users\Hp\Documents\Basic Nodejs Project\node_modules\sequelize\lib\model.js:2426:7)
    at async Airplane.create (C:\Users\Hp\Documents\Basic Nodejs Project\node_modules\sequelize\lib\model.js:1362:12)
    at async AirportRepository.create (file:///C:/Users/Hp/Documents/Basic%20Nodejs%20Project/src/repositories/crudRepository.js:15:12)
    at async AirportService.createAirport (file:///C:/Users/Hp/Documents/Basic%20Nodejs%20Project/src/services/airportService.js:11:16)
    at async file:///C:/Users/Hp/Documents/Basic%20Nodejs%20Project/src/controllers/airportController.js:9:19
2025-09-12 21:42:37 [MyApp] error: SequelizeValidationError: notNull Violation: Airplane.modelNumber cannot be null,
notNull Violation: Airplane.capacity cannot be null
    at InstanceValidator._validate (C:\Users\Hp\Documents\Basic Nodejs Project\node_modules\sequelize\lib\instance-validator.js:50:13)
    at process.processTicksAndRejections (node:internal/process/task_queues:105:5)
    at async InstanceValidator._validateAndRunHooks (C:\Users\Hp\Documents\Basic Nodejs Project\node_modules\sequelize\lib\instance-validator.js:60:7)
    at async InstanceValidator.validate (C:\Users\Hp\Documents\Basic Nodejs Project\node_modules\sequelize\lib\instance-validator.js:54:12)
    at async Airplane.save (C:\Users\Hp\Documents\Basic Nodejs Project\node_modules\sequelize\lib\model.js:2426:7)
    at async Airplane.create (C:\Users\Hp\Documents\Basic Nodejs Project\node_modules\sequelize\lib\model.js:1362:12)
    at async AirportRepository.create (file:///C:/Users/Hp/Documents/Basic%20Nodejs%20Project/src/repositories/crudRepository.js:15:12)
    at async AirportService.createAirport (file:///C:/Users/Hp/Documents/Basic%20Nodejs%20Project/src/services/airportService.js:11:16)
    at async file:///C:/Users/Hp/Documents/Basic%20Nodejs%20Project/src/controllers/airportController.js:9:19
2025-09-12 22:00:12 [MyApp] error: SequelizeValidationError: notNull Violation: Flight.arrivalDate cannot be null
    at InstanceValidator._validate (C:\Users\Hp\Documents\Basic Nodejs Project\node_modules\sequelize\lib\instance-validator.js:50:13)
    at process.processTicksAndRejections (node:internal/process/task_queues:105:5)
    at async InstanceValidator._validateAndRunHooks (C:\Users\Hp\Documents\Basic Nodejs Project\node_modules\sequelize\lib\instance-validator.js:60:7)
    at async InstanceValidator.validate (C:\Users\Hp\Documents\Basic Nodejs Project\node_modules\sequelize\lib\instance-validator.js:54:12)
    at async Flight.save (C:\Users\Hp\Documents\Basic Nodejs Project\node_modules\sequelize\lib\model.js:2426:7)
    at async Flight.create (C:\Users\Hp\Documents\Basic Nodejs Project\node_modules\sequelize\lib\model.js:1362:12)
    at async FlightRepository.create (file:///C:/Users/Hp/Documents/Basic%20Nodejs%20Project/src/repositories/crudRepository.js:15:12)
    at async FlightService.createFlight (file:///C:/Users/Hp/Documents/Basic%20Nodejs%20Project/src/services/flightService.js:11:12)
    at async file:///C:/Users/Hp/Documents/Basic%20Nodejs%20Project/src/controllers/flightController.js:8:18
2025-09-12 22:00:34 [MyApp] error: SequelizeValidationError: notNull Violation: Flight.arrivalDate cannot be null
    at InstanceValidator._validate (C:\Users\Hp\Documents\Basic Nodejs Project\node_modules\sequelize\lib\instance-validator.js:50:13)
    at process.processTicksAndRejections (node:internal/process/task_queues:105:5)
    at async InstanceValidator._validateAndRunHooks (C:\Users\Hp\Documents\Basic Nodejs Project\node_modules\sequelize\lib\instance-validator.js:60:7)
    at async InstanceValidator.validate (C:\Users\Hp\Documents\Basic Nodejs Project\node_modules\sequelize\lib\instance-validator.js:54:12)
    at async Flight.save (C:\Users\Hp\Documents\Basic Nodejs Project\node_modules\sequelize\lib\model.js:2426:7)
    at async Flight.create (C:\Users\Hp\Documents\Basic Nodejs Project\node_modules\sequelize\lib\model.js:1362:12)
    at async FlightRepository.create (file:///C:/Users/Hp/Documents/Basic%20Nodejs%20Project/src/repositories/crudRepository.js:15:12)
    at async FlightService.createFlight (file:///C:/Users/Hp/Documents/Basic%20Nodejs%20Project/src/services/flightService.js:11:12)
    at async file:///C:/Users/Hp/Documents/Basic%20Nodejs%20Project/src/controllers/flightController.js:8:18
2025-09-12 22:01:48 [MyApp] error: Error
    at Query.run (C:\Users\Hp\Documents\Basic Nodejs Project\node_modules\sequelize\lib\dialects\mysql\query.js:52:25)
    at C:\Users\Hp\Documents\Basic Nodejs Project\node_modules\sequelize\lib\sequelize.js:315:28
    at process.processTicksAndRejections (node:internal/process/task_queues:105:5)
    at async MySQLQueryInterface.insert (C:\Users\Hp\Documents\Basic Nodejs Project\node_modules\sequelize\lib\dialects\abstract\query-interface.js:308:21)
    at async Flight.save (C:\Users\Hp\Documents\Basic Nodejs Project\node_modules\sequelize\lib\model.js:2490:35)
    at async Flight.create (C:\Users\Hp\Documents\Basic Nodejs Project\node_modules\sequelize\lib\model.js:1362:12)
    at async FlightRepository.create (file:///C:/Users/Hp/Documents/Basic%20Nodejs%20Project/src/repositories/crudRepository.js:15:12)
    at async FlightService.createFlight (file:///C:/Users/Hp/Documents/Basic%20Nodejs%20Project/src/services/flightService.js:11:12)
    at async file:///C:/Users/Hp/Documents/Basic%20Nodejs%20Project/src/controllers/flightController.js:8:18
